0 info it worked if it ends with ok
1 verbose cli [ 'C:\\Program Files\\nodejs\\node.exe',
1 verbose cli   'C:\\Program Files\\nodejs\\node_modules\\npm\\bin\\npm-cli.js',
1 verbose cli   'start' ]
2 info using npm@4.1.2
3 info using node@v7.6.0
4 verbose run-script [ 'prestart', 'start', 'poststart' ]
5 info lifecycle SmartCommute@2.4.7~prestart: SmartCommute@2.4.7
6 silly lifecycle SmartCommute@2.4.7~prestart: no script for prestart, continuing
7 info lifecycle SmartCommute@2.4.7~start: SmartCommute@2.4.7
8 verbose lifecycle SmartCommute@2.4.7~start: unsafe-perm in lifecycle true
9 verbose lifecycle SmartCommute@2.4.7~start: PATH: C:\Program Files\nodejs\node_modules\npm\bin\node-gyp-bin;C:\webdev\SmartCommute\node_modules\.bin;C:\Program Files (x86)\Google\Chrome\Application;C:\WINDOWS\system32;C:\WINDOWS;C:\WINDOWS\System32\Wbem;C:\WINDOWS\System32\WindowsPowerShell\v1.0\;C:\Program Files\nodejs\;C:\Program Files\Git\cmd;C:\Users\gabem\AppData\Local\Microsoft\WindowsApps;C:\Users\gabem\AppData\Roaming\npm
10 verbose lifecycle SmartCommute@2.4.7~start: CWD: C:\webdev\SmartCommute
11 silly lifecycle SmartCommute@2.4.7~start: Args: [ '/d /s /c', 'node bin/server' ]
12 silly lifecycle SmartCommute@2.4.7~start: Returned: code: 1  signal: null
13 info lifecycle SmartCommute@2.4.7~start: Failed to exec start script
14 verbose stack Error: SmartCommute@2.4.7 start: `node bin/server`
14 verbose stack Exit status 1
14 verbose stack     at EventEmitter.<anonymous> (C:\Program Files\nodejs\node_modules\npm\lib\utils\lifecycle.js:279:16)
14 verbose stack     at emitTwo (events.js:106:13)
14 verbose stack     at EventEmitter.emit (events.js:192:7)
14 verbose stack     at ChildProcess.<anonymous> (C:\Program Files\nodejs\node_modules\npm\lib\utils\spawn.js:40:14)
14 verbose stack     at emitTwo (events.js:106:13)
14 verbose stack     at ChildProcess.emit (events.js:192:7)
14 verbose stack     at maybeClose (internal/child_process.js:890:16)
14 verbose stack     at Process.ChildProcess._handle.onexit (internal/child_process.js:226:5)
15 verbose pkgid SmartCommute@2.4.7
16 verbose cwd C:\webdev\SmartCommute
17 error Windows_NT 10.0.14393
18 error argv "C:\\Program Files\\nodejs\\node.exe" "C:\\Program Files\\nodejs\\node_modules\\npm\\bin\\npm-cli.js" "start"
19 error node v7.6.0
20 error npm  v4.1.2
21 error code ELIFECYCLE
22 error SmartCommute@2.4.7 start: `node bin/server`
22 error Exit status 1
23 error Failed at the SmartCommute@2.4.7 start script 'node bin/server'.
23 error Make sure you have the latest version of node.js and npm installed.
23 error If you do, this is most likely a problem with the SmartCommute package,
23 error not with npm itself.
23 error Tell the author that this fails on your system:
23 error     node bin/server
23 error You can get information on how to open an issue for this project with:
23 error     npm bugs SmartCommute
23 error Or if that isn't available, you can get their info via:
23 error     npm owner ls SmartCommute
23 error There is likely additional logging output above.
24 verbose exit [ 1, true ]
